<?xml version="1.0" encoding="UTF-8"?>
<testng-results skipped="0" failed="0" ignored="0" total="1" passed="1">
  <reporter-output>
  </reporter-output>
  <suite name="Default suite" duration-ms="9315" started-at="2021-06-14T06:05:15Z" finished-at="2021-06-14T06:05:24Z">
    <groups>
    </groups>
    <test name="Default test" duration-ms="9315" started-at="2021-06-14T06:05:15Z" finished-at="2021-06-14T06:05:24Z">
      <class name="WaitsEg.WaitsExamples">
        <test-method status="PASS" signature="explicitwaitEg2()[pri:0, instance:WaitsEg.WaitsExamples@548b7f67]" name="explicitwaitEg2" duration-ms="9284" started-at="2021-06-14T11:35:15Z" finished-at="2021-06-14T11:35:24Z">
          <reporter-output>
          </reporter-output>
        </test-method> <!-- explicitwaitEg2 -->
      </class> <!-- WaitsEg.WaitsExamples -->
    </test> <!-- Default test -->
  </suite> <!-- Default suite -->
</testng-results>
